<?xml version="1.0" encoding="UTF-8"?>
<!-- Generated by org.testng.reporters.JUnitXMLReporter -->
<testsuite ignored="8" hostname="Shubham" failures="0" tests="3" name="Grouping_Test" time="0.26" errors="0" timestamp="2025-01-28T12:44:43 IST">
  <testcase classname="TestCases.CheckOutPage_1_Test" name="@BeforeMethod setup" time="0.018">
    <failure type="java.io.FileNotFoundException" message="D:\Eclipse_Selenium_Framework_Project\Selenium_Framework_Project_CheckOutPage\TestData\Config.Properties (The system cannot find the path specified)">
      <![CDATA[java.io.FileNotFoundException: D:\Eclipse_Selenium_Framework_Project\Selenium_Framework_Project_CheckOutPage\TestData\Config.Properties (The system cannot find the path specified)
at java.base/java.io.FileInputStream.open0(Native Method)
at java.base/java.io.FileInputStream.open(FileInputStream.java:216)
at java.base/java.io.FileInputStream.<init>(FileInputStream.java:157)
at java.base/java.io.FileInputStream.<init>(FileInputStream.java:111)
at Utilities.ReadData.readPropertyFile(ReadData.java:16)
at Base.TestBase.initialization(TestBase.java:19)
at TestCases.CheckOutPage_1_Test.setup(CheckOutPage_1_Test.java:34)
at java.base/java.util.ArrayList.forEach(ArrayList.java:1511)
... Removed 31 stack frames]]>
    </failure>
  </testcase> <!-- @BeforeMethod setup -->
  <testcase classname="TestCases.CheckOutPage_1_Test" name="@AfterMethod CloseBrowser" time="0.005">
    <failure type="java.lang.NullPointerException" message="Cannot invoke &amp;quot;org.openqa.selenium.WebDriver.close()&amp;quot; because &amp;quot;TestCases.CheckOutPage_1_Test.driver&amp;quot; is null">
      <![CDATA[java.lang.NullPointerException: Cannot invoke "org.openqa.selenium.WebDriver.close()" because "TestCases.CheckOutPage_1_Test.driver" is null
at TestCases.CheckOutPage_1_Test.CloseBrowser(CheckOutPage_1_Test.java:81)
at java.base/java.util.ArrayList.forEach(ArrayList.java:1511)
... Removed 32 stack frames]]>
    </failure>
  </testcase> <!-- @AfterMethod CloseBrowser -->
  <testcase classname="TestCases.CheckOutPage_2_Test" name="@BeforeMethod setup" time="0.002">
    <failure type="java.io.FileNotFoundException" message="D:\Eclipse_Selenium_Framework_Project\Selenium_Framework_Project_CheckOutPage\TestData\Config.Properties (The system cannot find the path specified)">
      <![CDATA[java.io.FileNotFoundException: D:\Eclipse_Selenium_Framework_Project\Selenium_Framework_Project_CheckOutPage\TestData\Config.Properties (The system cannot find the path specified)
at java.base/java.io.FileInputStream.open0(Native Method)
at java.base/java.io.FileInputStream.open(FileInputStream.java:216)
at java.base/java.io.FileInputStream.<init>(FileInputStream.java:157)
at java.base/java.io.FileInputStream.<init>(FileInputStream.java:111)
at Utilities.ReadData.readPropertyFile(ReadData.java:16)
at Base.TestBase.initialization(TestBase.java:19)
at TestCases.CheckOutPage_2_Test.setup(CheckOutPage_2_Test.java:34)
at java.base/java.util.ArrayList.forEach(ArrayList.java:1511)
... Removed 31 stack frames]]>
    </failure>
  </testcase> <!-- @BeforeMethod setup -->
  <testcase classname="TestCases.CheckOutPage_2_Test" name="@AfterMethod CloseBrowser" time="0.001">
    <failure type="java.lang.NullPointerException" message="Cannot invoke &amp;quot;org.openqa.selenium.WebDriver.close()&amp;quot; because &amp;quot;TestCases.CheckOutPage_2_Test.driver&amp;quot; is null">
      <![CDATA[java.lang.NullPointerException: Cannot invoke "org.openqa.selenium.WebDriver.close()" because "TestCases.CheckOutPage_2_Test.driver" is null
at TestCases.CheckOutPage_2_Test.CloseBrowser(CheckOutPage_2_Test.java:125)
at java.base/java.util.ArrayList.forEach(ArrayList.java:1511)
... Removed 32 stack frames]]>
    </failure>
  </testcase> <!-- @AfterMethod CloseBrowser -->
  <testcase classname="TestCases.CheckOutPage_2_Test" name="@BeforeMethod setup" time="0.005">
    <failure type="java.io.FileNotFoundException" message="D:\Eclipse_Selenium_Framework_Project\Selenium_Framework_Project_CheckOutPage\TestData\Config.Properties (The system cannot find the path specified)">
      <![CDATA[java.io.FileNotFoundException: D:\Eclipse_Selenium_Framework_Project\Selenium_Framework_Project_CheckOutPage\TestData\Config.Properties (The system cannot find the path specified)
at java.base/java.io.FileInputStream.open0(Native Method)
at java.base/java.io.FileInputStream.open(FileInputStream.java:216)
at java.base/java.io.FileInputStream.<init>(FileInputStream.java:157)
at java.base/java.io.FileInputStream.<init>(FileInputStream.java:111)
at Utilities.ReadData.readPropertyFile(ReadData.java:16)
at Base.TestBase.initialization(TestBase.java:19)
at TestCases.CheckOutPage_2_Test.setup(CheckOutPage_2_Test.java:34)
at java.base/java.util.ArrayList.forEach(ArrayList.java:1511)
... Removed 31 stack frames]]>
    </failure>
  </testcase> <!-- @BeforeMethod setup -->
  <testcase classname="TestCases.CheckOutPage_2_Test" name="@AfterMethod CloseBrowser" time="0.001">
    <failure type="java.lang.NullPointerException" message="Cannot invoke &amp;quot;org.openqa.selenium.WebDriver.close()&amp;quot; because &amp;quot;TestCases.CheckOutPage_2_Test.driver&amp;quot; is null">
      <![CDATA[java.lang.NullPointerException: Cannot invoke "org.openqa.selenium.WebDriver.close()" because "TestCases.CheckOutPage_2_Test.driver" is null
at TestCases.CheckOutPage_2_Test.CloseBrowser(CheckOutPage_2_Test.java:125)
at java.base/java.util.ArrayList.forEach(ArrayList.java:1511)
... Removed 32 stack frames]]>
    </failure>
  </testcase> <!-- @AfterMethod CloseBrowser -->
  <testcase classname="TestCases.CheckOutPage_1_Test" name="verifyURLCheckOutPage1Test" time="0.001">
    <skipped/>
  </testcase> <!-- verifyURLCheckOutPage1Test -->
  <testcase classname="TestCases.CheckOutPage_2_Test" name="clickOnFinishBtnTest" time="0.002">
    <skipped/>
  </testcase> <!-- clickOnFinishBtnTest -->
  <testcase classname="TestCases.CheckOutPage_2_Test" name="verifyPaymentInformationTest" time="0.001">
    <skipped/>
  </testcase> <!-- verifyPaymentInformationTest -->
  <testcase classname="TestCases.CheckOutPage_2_Test" name="ClickOnCancelBtnTest" time="0.0">
    <ignored/>
  </testcase> <!-- ClickOnCancelBtnTest -->
  <testcase classname="TestCases.CheckOutPage_2_Test" name="verifyLableTest" time="0.0">
    <ignored/>
  </testcase> <!-- verifyLableTest -->
  <testcase classname="TestCases.CheckOutPage_2_Test" name="verifyFinalPriceTest" time="0.0">
    <ignored/>
  </testcase> <!-- verifyFinalPriceTest -->
  <testcase classname="TestCases.CheckOutPage_2_Test" name="verifyShippingInformationTest" time="0.0">
    <ignored/>
  </testcase> <!-- verifyShippingInformationTest -->
  <testcase classname="TestCases.CheckOutPage_2_Test" name="verifyDescriptionoifItemsTest" time="0.0">
    <ignored/>
  </testcase> <!-- verifyDescriptionoifItemsTest -->
  <testcase classname="TestCases.CheckOutPage_1_Test" name="inputInformationTest" time="0.0">
    <ignored/>
  </testcase> <!-- inputInformationTest -->
  <testcase classname="TestCases.CheckOutPage_1_Test" name="verifyTitleOfApplicationTest" time="0.0">
    <ignored/>
  </testcase> <!-- verifyTitleOfApplicationTest -->
  <testcase classname="TestCases.CheckOutPage_2_Test" name="verifyPriceTotalTest" time="0.0">
    <ignored/>
  </testcase> <!-- verifyPriceTotalTest -->
</testsuite> <!-- Grouping_Test -->
